<?xml version="1.0" encoding="UTF-8"?>
<!-- Generated by org.testng.reporters.JUnitReportReporter -->
<testsuite hostname="DESKTOP-UVPSMET" failures="0" tests="1" name="testCases.TC002_LoginTest" time="2.303" errors="0" timestamp="2025-01-08T12:54:49 IST" skipped="0">
  <testcase classname="testCases.TC002_LoginTest" name="verify_login" time="2.303"/>
</testsuite> <!-- testCases.TC002_LoginTest -->
