<?xml version="1.0" encoding="UTF-8"?>
<!-- Generated by org.testng.reporters.JUnitReportReporter -->
<testsuite hostname="DESKTOP-UVPSMET" failures="0" tests="1" name="testCases.TC001_AccountRegistrationTest" time="3.231" errors="0" timestamp="2025-05-23T11:52:02 IST" skipped="0">
  <testcase classname="testCases.TC001_AccountRegistrationTest" name="verify_Account_Registration" time="3.231"/>
</testsuite> <!-- testCases.TC001_AccountRegistrationTest -->
