<?xml version="1.0" encoding="UTF-8"?>
<!-- Generated by org.testng.reporters.JUnitReportReporter -->
<testsuite hostname="DESKTOP-UVPSMET" failures="0" tests="1" name="testCases.TC002_LoginTest" time="2.405" errors="0" timestamp="2025-05-23T11:31:16 IST" skipped="0">
  <testcase classname="testCases.TC002_LoginTest" name="verify_login" time="2.405"/>
</testsuite> <!-- testCases.TC002_LoginTest -->
